<?xml version="1.0" encoding="UTF-8"?>
<testng-results skipped="0" failed="0" ignored="0" total="1" passed="1">
  <reporter-output>
  </reporter-output>
  <suite name="Suite" duration-ms="74051" started-at="2019-02-09T21:52:45 EST" finished-at="2019-02-09T21:53:59 EST">
    <groups>
    </groups>
    <test name="Test" duration-ms="74051" started-at="2019-02-09T21:52:45 EST" finished-at="2019-02-09T21:53:59 EST">
      <class name="netAppNGDC.NetAppGermanTest">
        <test-method status="PASS" signature="assessment()[pri:0, instance:netAppNGDC.NetAppGermanTest@735b5592]" name="assessment" duration-ms="73998" started-at="2019-02-09T21:52:45 EST" finished-at="2019-02-09T21:53:59 EST">
          <reporter-output>
          </reporter-output>
        </test-method> <!-- assessment -->
      </class> <!-- netAppNGDC.NetAppGermanTest -->
    </test> <!-- Test -->
  </suite> <!-- Suite -->
</testng-results>
